app/build/outputs/mapping/release/seeds.txt
kr.co.klnet.aos.etransdriving.json.JsonNetInfo$JSON_NET: kr.co.klnet.aos.etransdriving.json.JsonNetInfo$JSON_NET valueOf(java.lang.String)
kr.co.klnet.aos.etransdriving.MainActivity
kr.co.klnet.aos.etransdriving.json.JsonNetInfo$JSON_NET: kr.co.klnet.aos.etransdriving.json.JsonNetInfo$JSON_NET[] values()
kr.co.klnet.aos.etransdriving.PushActivity
kr.co.klnet.aos.etransdriving.view.MOB_07_View02: android.graphics.Bitmap getSignBitmap()
kr.co.klnet.aos.etransdriving.PopWebViewActivity: PopWebViewActivity()
kr.co.klnet.aos.etransdriving.trans.gps.push.PeriodReportService: PeriodReportService()
kr.co.klnet.aos.etransdriving.PhotoFragment_ViewBinding: PhotoFragment_ViewBinding(kr.co.klnet.aos.etransdriving.PhotoFragment,android.view.View)
kr.co.klnet.aos.etransdriving.MainActivity: void onClickButtonClearDebugText(android.view.View)
kr.co.klnet.aos.etransdriving.EtransDrivingApp
kr.co.klnet.aos.etransdriving.WebViewContainer: void onClickLayoutToPrev(android.view.View)
kr.co.klnet.aos.etransdriving.EtransDrivingApp: EtransDrivingApp()
kr.co.klnet.aos.etransdriving.ImageFragment_ViewBinding: ImageFragment_ViewBinding(kr.co.klnet.aos.etransdriving.ImageFragment,android.view.View)
kr.co.klnet.aos.etransdriving.trans.gps.push.UIBroadCastReceiver
kr.co.klnet.aos.etransdriving.WebViewContainer
kr.co.klnet.aos.etransdriving.WebViewContainer: WebViewContainer()
kr.co.klnet.aos.etransdriving.MainActivity: void onClickButton_04(android.view.View)
kr.co.klnet.aos.etransdriving.MainActivity: MainActivity()
kr.co.klnet.aos.etransdriving.trans.gps.push.PeriodReportService
kr.co.klnet.aos.etransdriving.PushActivity: PushActivity()
kr.co.klnet.aos.etransdriving.CameraFrameActivity: CameraFrameActivity()
kr.co.klnet.aos.etransdriving.CameraFrameActivity
kr.co.klnet.aos.etransdriving.MainActivity: void onClickButton_03(android.view.View)
kr.co.klnet.aos.etransdriving.ImageFragment_ViewBinding
kr.co.klnet.aos.etransdriving.WebViewContainer: void onClickToPrev(android.view.View)
kr.co.klnet.aos.etransdriving.WebViewContainer: void onClickLayoutToNext(android.view.View)
kr.co.klnet.aos.etransdriving.trans.gps.push.UIBroadCastReceiver: UIBroadCastReceiver()
kr.co.klnet.aos.etransdriving.PhotoFragment_ViewBinding
kr.co.klnet.aos.etransdriving.PopWebViewActivity
kr.co.klnet.aos.etransdriving.WebViewContainer: void onClickToNext(android.view.View)
kr.co.klnet.aos.etransdriving.view.MOB_07_View02
...
com.google.android.datatransport.runtime.scheduling.jobscheduling.JobInfoSchedulerService: JobInfoSchedulerService()
com.google.android.material.appbar.AppBarLayout$ScrollingViewBehavior
com.google.android.gms.internal.measurement.zzbt$zze: com.google.android.gms.internal.measurement.zzbt$zzc zzf
androidx.appcompat.widget.Toolbar: void setSubtitle(int)
androidx.appcompat.widget.SearchView: SearchView(android.content.Context)
androidx.appcompat.widget.AppCompatRadioButton: android.content.res.ColorStateList getSupportBackgroundTintList()
com.google.android.gms.internal.measurement.zzcb$zza: com.google.android.gms.internal.measurement.zzcb$zzi zze
com.google.api.client.http.HttpHeaders: java.util.List contentEncoding
com.google.api.services.vision.v1.model.ProductSearchResults: java.util.List results
com.google.android.gms.internal.measurement.zzbt$zzd: boolean zze
androidx.appcompat.widget.AppCompatCheckBox: void setBackgroundResource(int)
com.google.api.services.vision.v1.model.Block: java.lang.Float confidence
com.google.android.gms.dynamite.descriptors.com.google.android.gms.measurement.dynamite.ModuleDescriptor: java.lang.String MODULE_ID
android.support.v4.media.RatingCompat
com.google.android.gms.internal.measurement.zzcb$zzc: long zzf
com.google.android.material.bottomappbar.BottomAppBar: void setFabDiameter(int)
androidx.cardview.widget.CardView: int getContentPaddingTop()
com.google.android.material.internal.NavigationMenuItemView: void setActionView(android.view.View)
androidx.appcompat.widget.SearchView: void setAppSearchData(android.os.Bundle)
com.google.android.material.bottomappbar.BottomAppBar: void setSubtitle(java.lang.CharSequence)
androidx.appcompat.widget.SearchView: void setQueryHint(java.lang.CharSequence)
androidx.appcompat.view.menu.ActionMenuItemView: void setExpandedFormat(boolean)
androidx.recyclerview.widget.RecyclerView: androidx.core.view.NestedScrollingChildHelper getScrollingChildHelper()
com.google.firebase.installations.remote.InstallationResponse$ResponseCode: com.google.firebase.installations.remote.InstallationResponse$ResponseCode[] values()
androidx.core.widget.NestedScrollView: float getVerticalScrollFactorCompat()
com.google.android.gms.internal.measurement.zzcb$zzk: long zzd
com.google.android.gms.measurement.AppMeasurement
com.google.firebase.messaging.FirebaseMessagingRegistrar: java.util.List getComponents()
com.google.android.gms.internal.measurement.zzcb$zzk: float zzh
com.google.api.client.googleapis.json.GoogleJsonError
butterknife.R$id
com.google.android.material.transformation.ExpandableBehavior: ExpandableBehavior()
com.google.android.material.transformation.ExpandableTransformationBehavior
com.google.android.material.appbar.AppBarLayout
androidx.appcompat.app.AppCompatViewInflater: androidx.appcompat.widget.AppCompatMultiAutoCompleteTextView createMultiAutoCompleteTextView(android.content.Context,android.util.AttributeSet)
com.google.api.services.vision.v1.model.AnnotateImageResponse: com.google.api.services.vision.v1.model.ImageProperties imagePropertiesAnnotation
androidx.appcompat.widget.DialogTitle
com.google.android.gms.measurement.AppMeasurement$ConditionalUserProperty: android.os.Bundle mTriggeredEventParams
com.google.android.material.floatingactionbutton.FloatingActionButton: void setCompatPressedTranslationZResource(int)
androidx.appcompat.widget.AppCompatRadioButton: void setSupportButtonTintMode(android.graphics.PorterDuff$Mode)
butterknife.OnPageChange
androidx.appcompat.widget.Toolbar: void setSubtitleTextColor(android.content.res.ColorStateList)
com.google.api.services.vision.v1.model.Color: java.lang.Float alpha
android.support.v4.media.session.MediaSessionCompat$QueueItem
com.google.android.material.floatingactionbutton.FloatingActionButton: void setBackgroundDrawable(android.graphics.drawable.Drawable)
androidx.appcompat.widget.Toolbar: int getTitleMarginEnd()