app/build/outputs/mapping/release/usage.txt
kr.co.klnet.aos.etransdriving.json.MOB_Json:
    public static java.lang.String replaceChar(java.lang.String)
    public static java.lang.String replaceRevChar(java.lang.String)
    public void disconnect()
    public java.util.HashMap getBeaconTerminalAlarmHashMap()
    private kr.co.klnet.aos.etransdriving.json.MOB_Json$MOB_JsonListener mApkListener
kr.co.klnet.aos.etransdriving.R$animator
kr.co.klnet.aos.etransdriving.MainActivity$29
kr.co.klnet.aos.etransdriving.MainActivity$16:
    public void OnReceiveMsg()
kr.co.klnet.aos.etransdriving.CameraFrameActivity:
    public android.graphics.Bitmap getOriginalBitmap()
    public android.graphics.Bitmap getOcrBitmap()
    static final java.lang.String TAG
    static final int REQUEST_PERMISSION_ALL
    static final int CAMERA_TYPE_CUSTOM
    static final int CAMERA_TYPE_OEM
    private static final int CAPTURE_FROM_CAMERA_REQUEST
kr.co.klnet.aos.etransdriving.R$drawable
kr.co.klnet.aos.etransdriving.util.DataSet:
    public java.lang.String obj_id
kr.co.klnet.aos.etransdriving.trans.gps.push.PeriodReportHandler:
    public void setEventCode(java.lang.String)
    private static final java.lang.String TAG
    private static final int RESPONSE_PACKET_ARRIVED
    private static final int CONNECTION_ERROR
    private static final int CONNECTION_ESTABLISHED
    private static final int CONNECTION_CLOSED
    private static final int SENT_REPORT_PACKET
kr.co.klnet.aos.etransdriving.MainActivity$15:
    public void OnCommand()
kr.co.klnet.aos.etransdriving.MainActivity$28
kr.co.klnet.aos.etransdriving.trans.gps.push.JLocationManager:
    public void registerSateliteGpsListener(kr.co.klnet.aos.etransdriving.trans.gps.push.JLocationManager$JGpsLocationListener)
    public void registerNetworkGpsListener(kr.co.klnet.aos.etransdriving.trans.gps.push.JLocationManager$JNetworkLocationListener)
    public static final java.lang.String FUSED_PROVIDER
    private static final boolean SUPPORT_FUSED_PROVIDER
    private static final boolean SUPPORT_GPS_PROVIDER
    private static final boolean SUPPORT_NET_PROVIDER
    private static final long UPDATE_INTERVAL_IN_MILLISECONDS
    private static final long FASTEST_UPDATE_INTERVAL_IN_MILLISECONDS
    private static final int TWO_MINUTES
kr.co.klnet.aos.etransdriving.WebViewContainer:
    public void setDownloadListener(android.webkit.DownloadListener)
kr.co.klnet.aos.etransdriving.R$interpolator
kr.co.klnet.aos.etransdriving.MainActivity$5
kr.co.klnet.aos.etransdriving.R$styleable
kr.co.klnet.aos.etransdriving.trans.gps.push.LibPopUpActivity$5
kr.co.klnet.aos.etransdriving.ui.Popup_BaseAdapter
kr.co.klnet.aos.etransdriving.trans.gps.push.UIBroadCastReceiver$OnForcedLogoutListener:
    public abstract void OnCommand()
kr.co.klnet.aos.etransdriving.MainActivity$6
kr.co.klnet.aos.etransdriving.trans.gps.push.SoundManager$1
kr.co.klnet.aos.etransdriving.trans.gps.push.LibPopUpActivity$4
kr.co.klnet.aos.etransdriving.trans.gps.push.UIBroadCastReceiver:
    private void handleNotibarWorkService(android.content.Context,boolean)
    private void startPopUpActivity(android.content.Context,java.lang.String,java.lang.String,java.lang.String)
    public java.lang.String getCurrentActivity(android.content.Context)
    public boolean isScreenOn(android.content.Context)
    private static final java.lang.String TAG
    public static final java.lang.String BROADCAST_ACTION_START_REPORT_SERVICE
    public static final java.lang.String BROADCAST_ACTION_CHECK_GPS_ALERT
kr.co.klnet.aos.etransdriving.R
kr.co.klnet.aos.etransdriving.trans.gps.push.ReportInterface$2
kr.co.klnet.aos.etransdriving.trans.gps.push.LibPopUpActivity$3
...
okhttp3.internal.http1.Http1Codec$UnknownLengthSource:
    public final synthetic okhttp3.internal.http1.Http1Codec this$0
androidx.transition.ChangeBounds$3:
    public void set(androidx.transition.ChangeBounds$ViewBounds,android.graphics.PointF)
    public android.graphics.PointF get()
androidx.recyclerview.widget.RecyclerView$4:
    public void processDisappeared(androidx.recyclerview.widget.RecyclerView$ViewHolder,androidx.recyclerview.widget.RecyclerView$ItemAnimator$ItemHolderInfo,androidx.recyclerview.widget.RecyclerView$ItemAnimator$ItemHolderInfo)
    public void processAppeared(androidx.recyclerview.widget.RecyclerView$ViewHolder,androidx.recyclerview.widget.RecyclerView$ItemAnimator$ItemHolderInfo,androidx.recyclerview.widget.RecyclerView$ItemAnimator$ItemHolderInfo)
    public void processPersistent(androidx.recyclerview.widget.RecyclerView$ViewHolder,androidx.recyclerview.widget.RecyclerView$ItemAnimator$ItemHolderInfo,androidx.recyclerview.widget.RecyclerView$ItemAnimator$ItemHolderInfo)
    public void unused(androidx.recyclerview.widget.RecyclerView$ViewHolder)
com.google.firebase.crashlytics.CrashlyticsRegistrar$$Lambda$1:
    public static com.google.firebase.components.ComponentFactory lambdaFactory$(com.google.firebase.crashlytics.CrashlyticsRegistrar)
com.itextpdf.text.pdf.fonts.cmaps.CMapCidByte:
    public byte[] lookup(int)
com.google.firebase.crashlytics.internal.model.serialization.CrashlyticsReportJsonTransform:
    public static com.google.firebase.crashlytics.internal.model.CrashlyticsReport$Session parseSession(android.util.JsonReader)
    public static com.google.firebase.crashlytics.internal.model.CrashlyticsReport$FilesPayload parseNdkPayload(android.util.JsonReader)
    public static com.google.firebase.crashlytics.internal.model.CrashlyticsReport$FilesPayload$File parseFile(android.util.JsonReader)
    public static com.google.firebase.crashlytics.internal.model.CrashlyticsReport$Session$User parseUser(android.util.JsonReader)
    public static com.google.firebase.crashlytics.internal.model.CrashlyticsReport$Session$Application parseApp(android.util.JsonReader)
    public static com.google.firebase.crashlytics.internal.model.CrashlyticsReport$Session$OperatingSystem parseOs(android.util.JsonReader)
    public static com.google.firebase.crashlytics.internal.model.CrashlyticsReport$Session$Device parseDevice(android.util.JsonReader)
    public static com.google.firebase.crashlytics.internal.model.CrashlyticsReport$Session$Event$Application parseEventApp(android.util.JsonReader)
    public static com.google.firebase.crashlytics.internal.model.CrashlyticsReport$Session$Event$Application$Execution parseEventExecution(android.util.JsonReader)
com.google.android.gms.internal.measurement.zzbt$zzb$zza:
    public final java.lang.String zza()
    public final com.google.android.gms.internal.measurement.zzbt$zzb$zza zza(java.lang.String)
    public final int zzb()
    public final com.google.android.gms.internal.measurement.zzbt$zzc zza(int)
    public final com.google.android.gms.internal.measurement.zzbt$zzb$zza zza(int,com.google.android.gms.internal.measurement.zzbt$zzc)
com.google.android.gms.internal.measurement.zzfo:
    public static java.lang.Object zza(com.google.android.gms.internal.measurement.zzgw,java.lang.String,java.lang.Object[])
    public static final boolean zza(com.google.android.gms.internal.measurement.zzfo,boolean)
    public static com.google.android.gms.internal.measurement.zzfv zzbn()
    public static com.google.android.gms.internal.measurement.zzfu zzbo()
    public static com.google.android.gms.internal.measurement.zzfx zzbp()
com.google.api.client.json.gson.GsonFactory:
    public static com.google.api.client.json.gson.GsonFactory getDefaultInstance()
    public com.google.api.client.json.JsonParser createJsonParser(java.lang.String)
    public com.google.api.client.json.JsonGenerator createJsonGenerator(java.io.Writer)